<?xml version="1.0" encoding="UTF-8"?>
<!-- Generated by org.testng.reporters.JUnitReportReporter -->
<testsuite skipped="0" hostname="PBLAP802" name="core.Getdatapersonal" tests="1" failures="0" timestamp="17 Sep 2018 07:19:05 GMT" time="6450.971" errors="0">
  <testcase name="ccdata" time="6450.971" classname="core.Getdatapersonal"/>
</testsuite> <!-- core.Getdatapersonal -->
