<?xml version="1.0" encoding="UTF-8"?>
<!-- Generated by org.testng.reporters.JUnitReportReporter -->
<testsuite skipped="0" hostname="PBLAP802" name="core.Getdata7" tests="1" failures="0" timestamp="06 Sep 2018 11:49:08 GMT" time="927.677" errors="0">
  <testcase name="ccdata" time="927.677" classname="core.Getdata7"/>
</testsuite> <!-- core.Getdata7 -->
