<?xml version="1.0" encoding="UTF-8"?>
<!-- Generated by org.testng.reporters.JUnitReportReporter -->
<testsuite skipped="0" hostname="PBLAP802" name="core.Getdata6" tests="1" failures="0" timestamp="06 Sep 2018 10:33:58 GMT" time="6013.763" errors="0">
  <testcase name="ccdata" time="6013.763" classname="core.Getdata6"/>
</testsuite> <!-- core.Getdata6 -->
