<?xml version="1.0" encoding="UTF-8"?>
<!-- Generated by org.testng.reporters.JUnitReportReporter -->
<testsuite skipped="0" hostname="PBLAP802" name="core.Getdatacarloan" tests="1" failures="0" timestamp="05 Oct 2018 09:20:56 GMT" time="5301.250" errors="0">
  <testcase name="ccdata" time="5301.250" classname="core.Getdatacarloan"/>
</testsuite> <!-- core.Getdatacarloan -->
