<?xml version="1.0" encoding="UTF-8"?>
<!-- Generated by org.testng.reporters.JUnitReportReporter -->
<testsuite skipped="0" hostname="PBLAP802" name="core.Getdata" tests="1" failures="0" timestamp="08 Aug 2018 09:29:02 GMT" time="249.230" errors="0">
  <testcase name="ccdata" time="249.230" classname="core.Getdata"/>
</testsuite> <!-- core.Getdata -->
