<?xml version="1.0" encoding="UTF-8"?>
<!-- Generated by org.testng.reporters.JUnitReportReporter -->
<testsuite skipped="0" hostname="PBLAP802" name="core.Getdata5" tests="1" failures="0" timestamp="06 Sep 2018 12:22:48 GMT" time="671.635" errors="0">
  <testcase name="ccdata" time="671.635" classname="core.Getdata5"/>
</testsuite> <!-- core.Getdata5 -->
