<?xml version="1.0" encoding="UTF-8"?>
<!-- Generated by org.testng.reporters.JUnitReportReporter -->
<testsuite skipped="0" hostname="PBLAP802" name="core.Downloadfile" tests="1" failures="0" timestamp="17 Aug 2018 10:39:50 GMT" time="318.696" errors="0">
  <testcase name="download" time="318.696" classname="core.Downloadfile"/>
</testsuite> <!-- core.Downloadfile -->
