<?xml version="1.0" encoding="UTF-8"?>
<!-- Generated by org.testng.reporters.JUnitReportReporter -->
<testsuite skipped="0" hostname="PBLAP802" name="core.Getdatahomeloan" tests="1" failures="0" timestamp="05 Oct 2018 09:30:50 GMT" time="6006.492" errors="0">
  <testcase name="ccdata" time="6006.492" classname="core.Getdatahomeloan"/>
</testsuite> <!-- core.Getdatahomeloan -->
