<?xml version="1.0" encoding="UTF-8"?>
<!-- Generated by org.testng.reporters.JUnitReportReporter -->
<testsuite skipped="0" hostname="PBLAP802" name="core.Getdata4" tests="1" failures="0" timestamp="07 Sep 2018 11:48:35 GMT" time="56.641" errors="0">
  <testcase name="ccdata" time="56.641" classname="core.Getdata4"/>
</testsuite> <!-- core.Getdata4 -->
