<?xml version="1.0" encoding="UTF-8"?>
<!-- Generated by org.testng.reporters.JUnitReportReporter -->
<testsuite skipped="0" hostname="PBLAP802" name="core.Getdata2" tests="1" failures="0" timestamp="08 Aug 2018 10:16:21 GMT" time="2784.532" errors="0">
  <testcase name="ccdata" time="2784.532" classname="core.Getdata2"/>
</testsuite> <!-- core.Getdata2 -->
